<?xml version="1.0" encoding="UTF-8"?>
<!-- Generated by org.testng.reporters.JUnitReportReporter -->
<testsuite hostname="DESK0028" name="forTestNG.Amazon" tests="2" failures="0" timestamp="13 Apr 2019 14:29:15 GMT" time="43.452" errors="0">
  <testcase name="AmazonURL" time="5.167" classname="forTestNG.Amazon"/>
  <testcase name="Testcase1" time="38.285" classname="forTestNG.Amazon"/>
</testsuite> <!-- forTestNG.Amazon -->
