<?xml version="1.0" encoding="UTF-8"?>
<!-- Generated by org.testng.reporters.JUnitReportReporter -->
<testsuite hostname="DESK0028" name="forTestNG.NewTest1" tests="1" failures="0" timestamp="14 Apr 2019 03:54:10 GMT" time="44.795" errors="0">
  <testcase name="Testcase2" time="44.795" classname="forTestNG.NewTest1"/>
</testsuite> <!-- forTestNG.NewTest1 -->
