<?xml version="1.0" encoding="UTF-8"?>
<!-- Generated by org.testng.reporters.JUnitReportReporter -->
<testsuite hostname="DESK0028" name="forTestNG.NewTestNG" tests="1" failures="0" timestamp="4 Apr 2019 17:16:47 GMT" time="0.023" errors="0">
  <testcase name="f" time="0.023" classname="forTestNG.NewTestNG"/>
</testsuite> <!-- forTestNG.NewTestNG -->
