<?xml version="1.0" encoding="UTF-8"?>
<!-- Generated by org.testng.reporters.JUnitReportReporter -->
<testsuite hostname="DESK0028" name="forTestNG.TestngAnnoatationPractice" tests="1" failures="0" timestamp="14 Apr 2019 03:54:10 GMT" time="0.005" errors="0">
  <testcase name="testCase1" time="0.005" classname="forTestNG.TestngAnnoatationPractice"/>
</testsuite> <!-- forTestNG.TestngAnnoatationPractice -->
